2019-03-27 23:07:39 INFO  JavaRushTasksProjectComponent.projectOpened(76) - ---------- Project JavaRushTasks opened ----------
2019-03-27 23:07:39 INFO  JavaRushTasksProjectComponent.projectOpened(77) - ---------- Version 3.28 ----------

2019-03-27 23:07:39 INFO  ApacheHttpClient.createAsyncHttpClient(130) - Выбрано 1 прокси. Тип : DIRECT
2019-03-27 23:07:39 INFO  ApacheHttpClient.<init>(88) - ApacheHttpClient проинстанциирован успешно.
2019-03-27 23:07:40 INFO  ApacheHttpClient.testConnection(188) - responseCode = 200
2019-03-27 23:07:40 INFO  ApacheHttpClient.testConnection(203) - result = true
2019-03-27 23:07:41 INFO  ApacheHttpClient.login(233) - Ожидание ответа сервера.
2019-03-27 23:07:41 INFO  ApacheHttpClient.login(233) - Ожидание ответа сервера.
2019-03-27 23:07:41 INFO  ApacheHttpClient.login(237) - responseCode = 200
2019-03-27 23:07:41 INFO  ApacheHttpClient.login(268) - JSESSIONID OK
2019-03-27 23:07:41 INFO  ApacheHttpClient.refreshUserInfo(296) - responseCode = 200
2019-03-27 23:07:41 INFO  ApacheHttpClient.refreshUserInfo(302) - Информация о пользователе получена.
2019-03-27 23:07:41 INFO  ApacheHttpClient.startGA(33) - GAService запущен.
2019-03-27 23:07:41 INFO  AbstractRestApiClient.startService(70) - EventsService запущен.
2019-03-27 23:10:41 INFO  ApacheHttpClient.getWebResourceAsStream(492) - responseCode = 200
2019-03-27 23:10:42 INFO  ApacheHttpClient.getFilteredTasks(329) - responseCode = 200
2019-03-27 23:11:00 INFO  JavaRushTasksProjectComponent.projectClosing(183) - ---------- Project JavaRushTasks closed ----------

2019-03-28 17:24:49 INFO  JavaRushTasksProjectComponent.projectOpened(76) - ---------- Project JavaRushTasks opened ----------
2019-03-28 17:24:49 INFO  JavaRushTasksProjectComponent.projectOpened(77) - ---------- Version 3.28 ----------

2019-03-28 17:24:49 INFO  ApacheHttpClient.createAsyncHttpClient(130) - Выбрано 1 прокси. Тип : DIRECT
2019-03-28 17:24:49 INFO  ApacheHttpClient.<init>(88) - ApacheHttpClient проинстанциирован успешно.
2019-03-28 17:24:52 ERROR ApacheHttpClient.testConnection(199) - Ошибка проверки соединения с сервером
java.util.concurrent.ExecutionException: java.net.UnknownHostException: javarush.ru
	at org.apache.http.concurrent.BasicFuture.getResult(BasicFuture.java:70)
	at org.apache.http.concurrent.BasicFuture.get(BasicFuture.java:80)
	at com.javarush.plugin.client.ApacheHttpClient.getResponseCode(ApacheHttpClient.java:567)
	at com.javarush.plugin.client.ApacheHttpClient.testConnection(ApacheHttpClient.java:187)
	at com.javarush.plugin.client.RestApiClientFactory.<clinit>(RestApiClientFactory.java:19)
	at com.javarush.plugin.JavaRushTasksProjectComponent$1.projectOpened(JavaRushTasksProjectComponent.java:85)
	at com.intellij.openapi.project.impl.ProjectManagerImpl$1.projectOpened(ProjectManagerImpl.java:95)
	at sun.reflect.NativeMethodAccessorImpl.invoke0(Native Method)
	at sun.reflect.NativeMethodAccessorImpl.invoke(NativeMethodAccessorImpl.java:62)
	at sun.reflect.DelegatingMethodAccessorImpl.invoke(DelegatingMethodAccessorImpl.java:43)
	at java.lang.reflect.Method.invoke(Method.java:498)
	at com.intellij.util.messages.impl.MessageBusConnectionImpl.deliverMessage(MessageBusConnectionImpl.java:117)
	at com.intellij.util.messages.impl.MessageBusImpl.doPumpMessages(MessageBusImpl.java:397)
	at com.intellij.util.messages.impl.MessageBusImpl.pumpWaitingBuses(MessageBusImpl.java:358)
	at com.intellij.util.messages.impl.MessageBusImpl.pumpMessages(MessageBusImpl.java:347)
	at com.intellij.util.messages.impl.MessageBusImpl.sendMessage(MessageBusImpl.java:324)
	at com.intellij.util.messages.impl.MessageBusImpl.access$200(MessageBusImpl.java:29)
	at com.intellij.util.messages.impl.MessageBusImpl$2.invoke(MessageBusImpl.java:196)
	at com.sun.proxy.$Proxy21.projectOpened(Unknown Source)
	at com.intellij.openapi.project.impl.ProjectManagerImpl.fireProjectOpened(ProjectManagerImpl.java:784)
	at com.intellij.openapi.project.impl.ProjectManagerImpl.lambda$null$6(ProjectManagerImpl.java:399)
	at com.intellij.openapi.application.TransactionGuardImpl.lambda$submitTransactionAndWait$2(TransactionGuardImpl.java:165)
	at com.intellij.openapi.application.TransactionGuardImpl.runSyncTransaction(TransactionGuardImpl.java:88)
	at com.intellij.openapi.application.TransactionGuardImpl.lambda$submitTransaction$1(TransactionGuardImpl.java:111)
	at com.intellij.openapi.application.impl.LaterInvocator$FlushQueue.doRun(LaterInvocator.java:435)
	at com.intellij.openapi.application.impl.LaterInvocator$FlushQueue.runNextEvent(LaterInvocator.java:419)
	at com.intellij.openapi.application.impl.LaterInvocator$FlushQueue.run(LaterInvocator.java:403)
	at java.awt.event.InvocationEvent.dispatch(InvocationEvent.java:311)
	at java.awt.EventQueue.dispatchEventImpl(EventQueue.java:762)
	at java.awt.EventQueue.access$500(EventQueue.java:98)
	at java.awt.EventQueue$3.run(EventQueue.java:715)
	at java.awt.EventQueue$3.run(EventQueue.java:709)
	at java.security.AccessController.doPrivileged(Native Method)
	at java.security.ProtectionDomain$JavaSecurityAccessImpl.doIntersectionPrivilege(ProtectionDomain.java:80)
	at java.awt.EventQueue.dispatchEvent(EventQueue.java:732)
	at com.intellij.ide.IdeEventQueue.defaultDispatchEvent(IdeEventQueue.java:719)
	at com.intellij.ide.IdeEventQueue._dispatchEvent(IdeEventQueue.java:668)
	at com.intellij.ide.IdeEventQueue.dispatchEvent(IdeEventQueue.java:363)
	at com.intellij.ide.IdeEventQueue.pumpEventsForHierarchy(IdeEventQueue.java:776)
	at com.intellij.openapi.progress.util.ProgressWindow.startBlocking(ProgressWindow.java:202)
	at com.intellij.openapi.progress.util.ProgressWindow.startBlocking(ProgressWindow.java:188)
	at com.intellij.openapi.application.impl.ApplicationImpl.runProcessWithProgressSynchronously(ApplicationImpl.java:606)
	at com.intellij.openapi.progress.impl.CoreProgressManager.runProcessWithProgressSynchronously(CoreProgressManager.java:454)
	at com.intellij.openapi.progress.impl.ProgressManagerImpl.runProcessWithProgressSynchronously(ProgressManagerImpl.java:110)
	at com.intellij.openapi.progress.impl.CoreProgressManager.runProcessWithProgressSynchronously(CoreProgressManager.java:251)
	at com.intellij.openapi.progress.impl.CoreProgressManager.runProcessWithProgressSynchronously(CoreProgressManager.java:205)
	at com.intellij.openapi.project.impl.ProjectManagerImpl.loadProjectUnderProgress(ProjectManagerImpl.java:448)
	at com.intellij.openapi.project.impl.ProjectManagerImpl.openProject(ProjectManagerImpl.java:423)
	at com.intellij.platform.PlatformProjectOpenProcessor.doOpenProject(PlatformProjectOpenProcessor.java:254)
	at com.intellij.ide.RecentProjectsManagerBase.doOpenProject(RecentProjectsManagerBase.java:578)
	at com.intellij.ide.RecentProjectsManagerBase.doReopenLastProject(RecentProjectsManagerBase.java:697)
	at com.intellij.ide.RecentProjectsManagerBase$MyAppLifecycleListener.appStarting(RecentProjectsManagerBase.java:742)
	at sun.reflect.NativeMethodAccessorImpl.invoke0(Native Method)
	at sun.reflect.NativeMethodAccessorImpl.invoke(NativeMethodAccessorImpl.java:62)
	at sun.reflect.DelegatingMethodAccessorImpl.invoke(DelegatingMethodAccessorImpl.java:43)
	at java.lang.reflect.Method.invoke(Method.java:498)
	at com.intellij.util.messages.impl.MessageBusConnectionImpl.deliverMessage(MessageBusConnectionImpl.java:117)
	at com.intellij.util.messages.impl.MessageBusImpl.doPumpMessages(MessageBusImpl.java:397)
	at com.intellij.util.messages.impl.MessageBusImpl.pumpWaitingBuses(MessageBusImpl.java:358)
	at com.intellij.util.messages.impl.MessageBusImpl.pumpMessages(MessageBusImpl.java:347)
	at com.intellij.util.messages.impl.MessageBusImpl.sendMessage(MessageBusImpl.java:324)
	at com.intellij.util.messages.impl.MessageBusImpl.access$200(MessageBusImpl.java:29)
	at com.intellij.util.messages.impl.MessageBusImpl$2.invoke(MessageBusImpl.java:196)
	at com.sun.proxy.$Proxy53.appStarting(Unknown Source)
	at com.intellij.idea.IdeaApplication$IdeStarter.lambda$main$1(IdeaApplication.java:372)
	at com.intellij.openapi.application.TransactionGuardImpl.runSyncTransaction(TransactionGuardImpl.java:88)
	at com.intellij.openapi.application.TransactionGuardImpl.lambda$submitTransaction$1(TransactionGuardImpl.java:111)
	at com.intellij.openapi.application.TransactionGuardImpl.submitTransaction(TransactionGuardImpl.java:120)
	at com.intellij.openapi.application.TransactionGuard.submitTransaction(TransactionGuard.java:122)
	at com.intellij.idea.IdeaApplication$IdeStarter.main(IdeaApplication.java:370)
	at com.intellij.idea.IdeaApplication.lambda$run$1(IdeaApplication.java:211)
	at com.intellij.openapi.application.TransactionGuardImpl.performUserActivity(TransactionGuardImpl.java:195)
	at com.intellij.idea.IdeaApplication.run(IdeaApplication.java:211)
	at com.intellij.idea.IdeaApplication.lambda$initApplication$0(IdeaApplication.java:74)
	at java.awt.event.InvocationEvent.dispatch(InvocationEvent.java:311)
	at java.awt.EventQueue.dispatchEventImpl(EventQueue.java:762)
	at java.awt.EventQueue.access$500(EventQueue.java:98)
	at java.awt.EventQueue$3.run(EventQueue.java:715)
	at java.awt.EventQueue$3.run(EventQueue.java:709)
	at java.security.AccessController.doPrivileged(Native Method)
	at java.security.ProtectionDomain$JavaSecurityAccessImpl.doIntersectionPrivilege(ProtectionDomain.java:80)
	at java.awt.EventQueue.dispatchEvent(EventQueue.java:732)
	at com.intellij.ide.IdeEventQueue.dispatchEvent(IdeEventQueue.java:342)
	at java.awt.EventDispatchThread.pumpOneEventForFilters(EventDispatchThread.java:201)
	at java.awt.EventDispatchThread.pumpEventsForFilter(EventDispatchThread.java:116)
	at java.awt.EventDispatchThread.pumpEventsForHierarchy(EventDispatchThread.java:105)
	at java.awt.EventDispatchThread.pumpEvents(EventDispatchThread.java:101)
	at java.awt.EventDispatchThread.pumpEvents(EventDispatchThread.java:93)
	at java.awt.EventDispatchThread.run(EventDispatchThread.java:82)
Caused by: java.net.UnknownHostException: javarush.ru
	at java.net.Inet4AddressImpl.lookupAllHostAddr(Native Method)
	at java.net.InetAddress$2.lookupAllHostAddr(InetAddress.java:928)
	at java.net.InetAddress.getAddressesFromNameService(InetAddress.java:1323)
	at java.net.InetAddress.getAllByName0(InetAddress.java:1276)
	at java.net.InetAddress.getAllByName(InetAddress.java:1192)
	at java.net.InetAddress.getAllByName(InetAddress.java:1126)
	at org.apache.http.impl.conn.SystemDefaultDnsResolver.resolve(SystemDefaultDnsResolver.java:45)
	at org.apache.http.impl.nio.conn.PoolingNHttpClientConnectionManager$InternalAddressResolver.resolveRemoteAddress(PoolingNHttpClientConnectionManager.java:609)
	at org.apache.http.impl.nio.conn.PoolingNHttpClientConnectionManager$InternalAddressResolver.resolveRemoteAddress(PoolingNHttpClientConnectionManager.java:580)
	at org.apache.http.nio.pool.AbstractNIOConnPool.processPendingRequest(AbstractNIOConnPool.java:427)
	at org.apache.http.nio.pool.AbstractNIOConnPool.lease(AbstractNIOConnPool.java:276)
	at org.apache.http.impl.nio.conn.PoolingNHttpClientConnectionManager.requestConnection(PoolingNHttpClientConnectionManager.java:266)
	at org.apache.http.impl.nio.client.AbstractClientExchangeHandler.requestConnection(AbstractClientExchangeHandler.java:363)
	at org.apache.http.impl.nio.client.DefaultClientExchangeHandlerImpl.start(DefaultClientExchangeHandlerImpl.java:125)
	at org.apache.http.impl.nio.client.InternalHttpAsyncClient.execute(InternalHttpAsyncClient.java:141)
	at org.apache.http.impl.nio.client.CloseableHttpAsyncClient.execute(CloseableHttpAsyncClient.java:75)
	at org.apache.http.impl.nio.client.CloseableHttpAsyncClient.execute(CloseableHttpAsyncClient.java:108)
	at com.javarush.plugin.client.ApacheHttpClient.testConnection(ApacheHttpClient.java:186)
	... 85 more
2019-03-28 17:24:52 INFO  ApacheHttpClient.testConnection(203) - result = false
2019-03-28 17:24:52 ERROR HttpsURLConnectionClient.<init>(73) - Ошибка получения логина прокси из HttpConfigurable.
2019-03-28 17:24:52 ERROR HttpsURLConnectionClient.getServerAvailabilityStatus(752) - Ошибка во время проверки доступности сервера.
java.net.UnknownHostException: javarush.ru
	at java.net.AbstractPlainSocketImpl.connect(AbstractPlainSocketImpl.java:184)
	at java.net.PlainSocketImpl.connect(PlainSocketImpl.java:172)
	at java.net.SocksSocketImpl.connect(SocksSocketImpl.java:392)
	at java.net.Socket.connect(Socket.java:589)
	at sun.security.ssl.SSLSocketImpl.connect(SSLSocketImpl.java:673)
	at sun.net.NetworkClient.doConnect(NetworkClient.java:175)
	at sun.net.www.http.HttpClient.openServer(HttpClient.java:432)
	at sun.net.www.http.HttpClient.openServer(HttpClient.java:527)
	at sun.net.www.protocol.https.HttpsClient.<init>(HttpsClient.java:264)
	at sun.net.www.protocol.https.HttpsClient.New(HttpsClient.java:367)
	at sun.net.www.protocol.https.AbstractDelegateHttpsURLConnection.getNewHttpClient(AbstractDelegateHttpsURLConnection.java:191)
	at sun.net.www.protocol.http.HttpURLConnection.plainConnect0(HttpURLConnection.java:1138)
	at sun.net.www.protocol.http.HttpURLConnection.plainConnect(HttpURLConnection.java:1032)
	at sun.net.www.protocol.https.AbstractDelegateHttpsURLConnection.connect(AbstractDelegateHttpsURLConnection.java:177)
	at sun.net.www.protocol.https.HttpsURLConnectionImpl.connect(HttpsURLConnectionImpl.java:153)
	at com.javarush.plugin.client.HttpsURLConnectionClient.getServerAvailabilityStatus(HttpsURLConnectionClient.java:734)
	at com.javarush.plugin.JavaRushTasksProjectComponent$1.projectOpened(JavaRushTasksProjectComponent.java:85)
	at com.intellij.openapi.project.impl.ProjectManagerImpl$1.projectOpened(ProjectManagerImpl.java:95)
	at sun.reflect.NativeMethodAccessorImpl.invoke0(Native Method)
	at sun.reflect.NativeMethodAccessorImpl.invoke(NativeMethodAccessorImpl.java:62)
	at sun.reflect.DelegatingMethodAccessorImpl.invoke(DelegatingMethodAccessorImpl.java:43)
	at java.lang.reflect.Method.invoke(Method.java:498)
	at com.intellij.util.messages.impl.MessageBusConnectionImpl.deliverMessage(MessageBusConnectionImpl.java:117)
	at com.intellij.util.messages.impl.MessageBusImpl.doPumpMessages(MessageBusImpl.java:397)
	at com.intellij.util.messages.impl.MessageBusImpl.pumpWaitingBuses(MessageBusImpl.java:358)
	at com.intellij.util.messages.impl.MessageBusImpl.pumpMessages(MessageBusImpl.java:347)
	at com.intellij.util.messages.impl.MessageBusImpl.sendMessage(MessageBusImpl.java:324)
	at com.intellij.util.messages.impl.MessageBusImpl.access$200(MessageBusImpl.java:29)
	at com.intellij.util.messages.impl.MessageBusImpl$2.invoke(MessageBusImpl.java:196)
	at com.sun.proxy.$Proxy21.projectOpened(Unknown Source)
	at com.intellij.openapi.project.impl.ProjectManagerImpl.fireProjectOpened(ProjectManagerImpl.java:784)
	at com.intellij.openapi.project.impl.ProjectManagerImpl.lambda$null$6(ProjectManagerImpl.java:399)
	at com.intellij.openapi.application.TransactionGuardImpl.lambda$submitTransactionAndWait$2(TransactionGuardImpl.java:165)
	at com.intellij.openapi.application.TransactionGuardImpl.runSyncTransaction(TransactionGuardImpl.java:88)
	at com.intellij.openapi.application.TransactionGuardImpl.lambda$submitTransaction$1(TransactionGuardImpl.java:111)
	at com.intellij.openapi.application.impl.LaterInvocator$FlushQueue.doRun(LaterInvocator.java:435)
	at com.intellij.openapi.application.impl.LaterInvocator$FlushQueue.runNextEvent(LaterInvocator.java:419)
	at com.intellij.openapi.application.impl.LaterInvocator$FlushQueue.run(LaterInvocator.java:403)
	at java.awt.event.InvocationEvent.dispatch(InvocationEvent.java:311)
	at java.awt.EventQueue.dispatchEventImpl(EventQueue.java:762)
	at java.awt.EventQueue.access$500(EventQueue.java:98)
	at java.awt.EventQueue$3.run(EventQueue.java:715)
	at java.awt.EventQueue$3.run(EventQueue.java:709)
	at java.security.AccessController.doPrivileged(Native Method)
	at java.security.ProtectionDomain$JavaSecurityAccessImpl.doIntersectionPrivilege(ProtectionDomain.java:80)
	at java.awt.EventQueue.dispatchEvent(EventQueue.java:732)
	at com.intellij.ide.IdeEventQueue.defaultDispatchEvent(IdeEventQueue.java:719)
	at com.intellij.ide.IdeEventQueue._dispatchEvent(IdeEventQueue.java:668)
	at com.intellij.ide.IdeEventQueue.dispatchEvent(IdeEventQueue.java:363)
	at com.intellij.ide.IdeEventQueue.pumpEventsForHierarchy(IdeEventQueue.java:776)
	at com.intellij.openapi.progress.util.ProgressWindow.startBlocking(ProgressWindow.java:202)
	at com.intellij.openapi.progress.util.ProgressWindow.startBlocking(ProgressWindow.java:188)
	at com.intellij.openapi.application.impl.ApplicationImpl.runProcessWithProgressSynchronously(ApplicationImpl.java:606)
	at com.intellij.openapi.progress.impl.CoreProgressManager.runProcessWithProgressSynchronously(CoreProgressManager.java:454)
	at com.intellij.openapi.progress.impl.ProgressManagerImpl.runProcessWithProgressSynchronously(ProgressManagerImpl.java:110)
	at com.intellij.openapi.progress.impl.CoreProgressManager.runProcessWithProgressSynchronously(CoreProgressManager.java:251)
	at com.intellij.openapi.progress.impl.CoreProgressManager.runProcessWithProgressSynchronously(CoreProgressManager.java:205)
	at com.intellij.openapi.project.impl.ProjectManagerImpl.loadProjectUnderProgress(ProjectManagerImpl.java:448)
	at com.intellij.openapi.project.impl.ProjectManagerImpl.openProject(ProjectManagerImpl.java:423)
	at com.intellij.platform.PlatformProjectOpenProcessor.doOpenProject(PlatformProjectOpenProcessor.java:254)
	at com.intellij.ide.RecentProjectsManagerBase.doOpenProject(RecentProjectsManagerBase.java:578)
	at com.intellij.ide.RecentProjectsManagerBase.doReopenLastProject(RecentProjectsManagerBase.java:697)
	at com.intellij.ide.RecentProjectsManagerBase$MyAppLifecycleListener.appStarting(RecentProjectsManagerBase.java:742)
	at sun.reflect.NativeMethodAccessorImpl.invoke0(Native Method)
	at sun.reflect.NativeMethodAccessorImpl.invoke(NativeMethodAccessorImpl.java:62)
	at sun.reflect.DelegatingMethodAccessorImpl.invoke(DelegatingMethodAccessorImpl.java:43)
	at java.lang.reflect.Method.invoke(Method.java:498)
	at com.intellij.util.messages.impl.MessageBusConnectionImpl.deliverMessage(MessageBusConnectionImpl.java:117)
	at com.intellij.util.messages.impl.MessageBusImpl.doPumpMessages(MessageBusImpl.java:397)
	at com.intellij.util.messages.impl.MessageBusImpl.pumpWaitingBuses(MessageBusImpl.java:358)
	at com.intellij.util.messages.impl.MessageBusImpl.pumpMessages(MessageBusImpl.java:347)
	at com.intellij.util.messages.impl.MessageBusImpl.sendMessage(MessageBusImpl.java:324)
	at com.intellij.util.messages.impl.MessageBusImpl.access$200(MessageBusImpl.java:29)
	at com.intellij.util.messages.impl.MessageBusImpl$2.invoke(MessageBusImpl.java:196)
	at com.sun.proxy.$Proxy53.appStarting(Unknown Source)
	at com.intellij.idea.IdeaApplication$IdeStarter.lambda$main$1(IdeaApplication.java:372)
	at com.intellij.openapi.application.TransactionGuardImpl.runSyncTransaction(TransactionGuardImpl.java:88)
	at com.intellij.openapi.application.TransactionGuardImpl.lambda$submitTransaction$1(TransactionGuardImpl.java:111)
	at com.intellij.openapi.application.TransactionGuardImpl.submitTransaction(TransactionGuardImpl.java:120)
	at com.intellij.openapi.application.TransactionGuard.submitTransaction(TransactionGuard.java:122)
	at com.intellij.idea.IdeaApplication$IdeStarter.main(IdeaApplication.java:370)
	at com.intellij.idea.IdeaApplication.lambda$run$1(IdeaApplication.java:211)
	at com.intellij.openapi.application.TransactionGuardImpl.performUserActivity(TransactionGuardImpl.java:195)
	at com.intellij.idea.IdeaApplication.run(IdeaApplication.java:211)
	at com.intellij.idea.IdeaApplication.lambda$initApplication$0(IdeaApplication.java:74)
	at java.awt.event.InvocationEvent.dispatch(InvocationEvent.java:311)
	at java.awt.EventQueue.dispatchEventImpl(EventQueue.java:762)
	at java.awt.EventQueue.access$500(EventQueue.java:98)
	at java.awt.EventQueue$3.run(EventQueue.java:715)
	at java.awt.EventQueue$3.run(EventQueue.java:709)
	at java.security.AccessController.doPrivileged(Native Method)
	at java.security.ProtectionDomain$JavaSecurityAccessImpl.doIntersectionPrivilege(ProtectionDomain.java:80)
	at java.awt.EventQueue.dispatchEvent(EventQueue.java:732)
	at com.intellij.ide.IdeEventQueue.dispatchEvent(IdeEventQueue.java:342)
	at java.awt.EventDispatchThread.pumpOneEventForFilters(EventDispatchThread.java:201)
	at java.awt.EventDispatchThread.pumpEventsForFilter(EventDispatchThread.java:116)
	at java.awt.EventDispatchThread.pumpEventsForHierarchy(EventDispatchThread.java:105)
	at java.awt.EventDispatchThread.pumpEvents(EventDispatchThread.java:101)
	at java.awt.EventDispatchThread.pumpEvents(EventDispatchThread.java:93)
	at java.awt.EventDispatchThread.run(EventDispatchThread.java:82)
2019-03-28 17:26:19 INFO  HttpsURLConnectionClient.getWebResourceAsStream(663) - responseCode = 200
2019-03-28 17:26:20 INFO  HttpsURLConnectionClient.login(184) - responseCode = 200
2019-03-28 17:26:20 INFO  HttpsURLConnectionClient.login(222) - JSESSIONID OK
2019-03-28 17:26:20 INFO  HttpsURLConnectionClient.refreshUserInfo(845) - responseCode = 200
2019-03-28 17:26:20 INFO  HttpsURLConnectionClient.refreshUserInfo(863) - Информация о пользователе получена.
2019-03-28 17:26:20 INFO  HttpsURLConnectionClient.getFilteredTasks(273) - responseCode = 200
2019-03-28 17:26:27 INFO  HttpsURLConnectionClient.getTaskTemplateInfo(299) - responseCode = 200
2019-03-28 17:26:36 INFO  HttpsURLConnectionClient.testConnection(129) - resultHttp = true
2019-03-28 17:26:36 INFO  HttpsURLConnectionClient.testConnection(142) - Using proxy = false
2019-03-28 17:26:36 INFO  HttpsURLConnectionClient.testConnection(151) - resultHttps = true
2019-03-28 17:26:37 INFO  HttpsURLConnectionClient.testConnection(129) - resultHttp = true
2019-03-28 17:26:37 INFO  HttpsURLConnectionClient.testConnection(142) - Using proxy = false
2019-03-28 17:26:37 INFO  HttpsURLConnectionClient.testConnection(151) - resultHttps = true
2019-03-28 17:26:44 INFO  HttpsURLConnectionClient.getWebResourceAsStream(663) - responseCode = 200
2019-03-28 17:37:32 INFO  HttpsURLConnectionClient.testConnection(129) - resultHttp = true
2019-03-28 17:37:32 INFO  HttpsURLConnectionClient.testConnection(142) - Using proxy = false
2019-03-28 17:37:32 INFO  HttpsURLConnectionClient.testConnection(151) - resultHttps = true
2019-03-28 17:37:32 INFO  HttpsURLConnectionClient.testConnection(129) - resultHttp = true
2019-03-28 17:37:33 INFO  HttpsURLConnectionClient.testConnection(142) - Using proxy = false
2019-03-28 17:37:33 INFO  HttpsURLConnectionClient.testConnection(151) - resultHttps = true
2019-03-28 17:37:33 INFO  HttpsURLConnectionClient.getWebResourceAsStream(663) - responseCode = 200
2019-03-28 20:04:07 INFO  HttpsURLConnectionClient.getWebResourceAsStream(663) - responseCode = 200
2019-03-28 20:04:08 INFO  HttpsURLConnectionClient.getTask(620) - responseCode = 200
2019-03-28 20:04:10 INFO  HttpsURLConnectionClient.manualComplete(33) - responseCode = 200
2019-03-28 20:06:19 INFO  HttpsURLConnectionClient.getWebResourceAsStream(663) - responseCode = 200
2019-03-28 20:06:19 INFO  HttpsURLConnectionClient.getTask(620) - responseCode = 200
2019-03-28 20:06:22 INFO  HttpsURLConnectionClient.manualComplete(33) - responseCode = 200
2019-03-28 20:07:17 INFO  HttpsURLConnectionClient.getWebResourceAsStream(663) - responseCode = 200
2019-03-28 20:07:17 INFO  HttpsURLConnectionClient.getTask(620) - responseCode = 200
2019-03-28 20:07:20 INFO  HttpsURLConnectionClient.manualComplete(33) - responseCode = 200
2019-03-28 20:07:20 INFO  HttpsURLConnectionClient.getTask(620) - responseCode = 200
2019-03-28 20:07:37 INFO  HttpsURLConnectionClient.getWebResourceAsStream(663) - responseCode = 200
2019-03-28 20:07:37 WARN  JavaRushUtil.getCurrentTask(70) - Ошибка получения ключа задачи.
2019-03-28 20:07:37 INFO  HttpsURLConnectionClient.getTask(620) - responseCode = 200
2019-03-28 20:53:56 INFO  HttpsURLConnectionClient.testConnection(129) - resultHttp = true
2019-03-28 20:53:56 INFO  HttpsURLConnectionClient.testConnection(142) - Using proxy = false
2019-03-28 20:53:56 INFO  HttpsURLConnectionClient.testConnection(151) - resultHttps = true
2019-03-28 20:53:56 INFO  HttpsURLConnectionClient.testConnection(129) - resultHttp = true
2019-03-28 20:53:57 INFO  HttpsURLConnectionClient.testConnection(142) - Using proxy = false
2019-03-28 20:53:57 INFO  HttpsURLConnectionClient.testConnection(151) - resultHttps = true
2019-03-28 20:53:57 INFO  HttpsURLConnectionClient.getWebResourceAsStream(663) - responseCode = 200
